2011-09-05 12:44:30 Warning: Warning (512): You cannot use an empty key for Security::cipher() in [/var/www/electionape/cake/libs/security.php, line 173]
2011-09-05 12:44:35 Warning: Warning (512): You cannot use an empty key for Security::cipher() in [/var/www/electionape/cake/libs/security.php, line 173]
2011-09-05 12:44:51 Warning: Warning (512): You cannot use an empty key for Security::cipher() in [/var/www/electionape/cake/libs/security.php, line 173]
2011-09-05 12:44:51 Warning: Warning (512): You cannot use an empty key for Security::cipher() in [/var/www/electionape/cake/libs/security.php, line 173]
2011-09-05 12:49:05 Warning: Warning (512): You cannot use an empty key for Security::cipher() in [/var/www/electionape/cake/libs/security.php, line 173]
2011-09-05 12:49:09 Warning: Warning (512): You cannot use an empty key for Security::cipher() in [/var/www/electionape/cake/libs/security.php, line 173]
2011-09-05 12:49:09 Warning: Warning (512): You cannot use an empty key for Security::cipher() in [/var/www/electionape/cake/libs/security.php, line 173]
2011-09-05 12:49:13 Warning: Warning (512): You cannot use an empty key for Security::cipher() in [/var/www/electionape/cake/libs/security.php, line 173]
2011-09-05 12:49:19 Warning: Warning (512): You cannot use an empty key for Security::cipher() in [/var/www/electionape/cake/libs/security.php, line 173]
2011-09-05 12:54:21 Warning: Warning (512): You cannot use an empty key for Security::cipher() in [/var/www/electionape/cake/libs/security.php, line 173]
2011-09-05 12:54:21 Warning: Warning (512): You cannot use an empty key for Security::cipher() in [/var/www/electionape/cake/libs/security.php, line 173]
2011-09-05 12:57:14 Warning: Warning (512): You cannot use an empty key for Security::cipher() in [/var/www/electionape/cake/libs/security.php, line 173]
2011-09-05 12:59:14 Warning: Warning (512): You cannot use an empty key for Security::cipher() in [/var/www/electionape/cake/libs/security.php, line 173]
2011-09-05 13:05:16 Warning: Warning (512): You cannot use an empty key for Security::cipher() in [/var/www/electionape/cake/libs/security.php, line 173]
2011-09-05 13:05:21 Warning: Warning (512): You cannot use an empty key for Security::cipher() in [/var/www/electionape/cake/libs/security.php, line 173]
2011-09-05 13:05:24 Warning: Warning (512): You cannot use an empty key for Security::cipher() in [/var/www/electionape/cake/libs/security.php, line 173]
2011-09-05 13:06:13 Warning: Warning (512): You cannot use an empty key for Security::cipher() in [/var/www/electionape/cake/libs/security.php, line 173]
2011-09-05 13:06:20 Warning: Warning (512): You cannot use an empty key for Security::cipher() in [/var/www/electionape/cake/libs/security.php, line 173]
2011-09-05 13:06:51 Warning: Warning (512): You cannot use an empty key for Security::cipher() in [/var/www/electionape/cake/libs/security.php, line 173]
2011-09-05 13:06:58 Warning: Warning (512): You cannot use an empty key for Security::cipher() in [/var/www/electionape/cake/libs/security.php, line 173]
2011-09-05 13:07:02 Warning: Warning (512): You cannot use an empty key for Security::cipher() in [/var/www/electionape/cake/libs/security.php, line 173]
2011-09-05 13:07:02 Warning: Warning (2): Cannot modify header information - headers already sent by (output started at /var/www/electionape/cake/basics.php:119) in [/var/www/electionape/cake/libs/controller/components/cookie.php, line 376]
2011-09-05 13:07:03 Warning: Warning (2): Cannot modify header information - headers already sent by (output started at /var/www/electionape/cake/basics.php:119) in [/var/www/electionape/app/controllers/components/Twitter/twitter.php, line 129]
2011-09-05 13:07:41 Warning: Warning (512): You cannot use an empty key for Security::cipher() in [/var/www/electionape/cake/libs/security.php, line 173]
2011-09-05 13:07:48 Warning: Warning (512): You cannot use an empty key for Security::cipher() in [/var/www/electionape/cake/libs/security.php, line 173]
2011-09-05 13:08:14 Warning: Warning (512): You cannot use an empty key for Security::cipher() in [/var/www/electionape/cake/libs/security.php, line 173]
2011-09-05 13:08:51 Warning: Warning (512): You cannot use an empty key for Security::cipher() in [/var/www/electionape/cake/libs/security.php, line 173]
2011-09-05 13:09:11 Warning: Warning (512): You cannot use an empty key for Security::cipher() in [/var/www/electionape/cake/libs/security.php, line 173]
2011-09-05 13:09:27 Warning: Warning (512): You cannot use an empty key for Security::cipher() in [/var/www/electionape/cake/libs/security.php, line 173]
2011-09-05 13:09:52 Warning: Warning (512): You cannot use an empty key for Security::cipher() in [/var/www/electionape/cake/libs/security.php, line 173]
2011-09-05 13:10:10 Warning: Warning (512): You cannot use an empty key for Security::cipher() in [/var/www/electionape/cake/libs/security.php, line 173]
2011-09-05 13:10:30 Warning: Warning (512): You cannot use an empty key for Security::cipher() in [/var/www/electionape/cake/libs/security.php, line 173]
2011-09-05 13:10:43 Warning: Warning (512): You cannot use an empty key for Security::cipher() in [/var/www/electionape/cake/libs/security.php, line 173]
2011-09-05 14:16:55 Warning: Warning (2): Missing argument 1 for TwitterComponent::showUser(), called in /var/www/electionape/app/controllers/users_controller.php on line 34 and defined in [/var/www/electionape/app/controllers/components/Twitter/twitter.php, line 742]
2011-09-05 16:11:46 Warning: Warning (512): UsersController::isAuthorized() is not defined. in [/var/www/electionape/cake/libs/controller/controller.php, line 804]
2011-09-05 16:11:55 Warning: Warning (2): Cannot modify header information - headers already sent by (output started at /var/www/electionape/cake/libs/debugger.php:683) in [/var/www/electionape/app/controllers/components/Twitter/twitter.php, line 128]
2011-09-05 16:12:58 Warning: Warning (2): Cannot modify header information - headers already sent by (output started at /var/www/electionape/cake/libs/debugger.php:683) in [/var/www/electionape/app/controllers/components/Twitter/twitter.php, line 129]
2011-09-05 16:13:06 Warning: Warning (2): Cannot modify header information - headers already sent by (output started at /var/www/electionape/cake/basics.php:119) in [/var/www/electionape/app/controllers/components/Twitter/twitter.php, line 129]
2011-09-05 16:14:29 Warning: Warning (2): Cannot modify header information - headers already sent by (output started at /var/www/electionape/cake/libs/debugger.php:683) in [/var/www/electionape/app/controllers/components/Twitter/twitter.php, line 128]
2011-09-05 16:14:46 Warning: Warning (2): Cannot modify header information - headers already sent by (output started at /var/www/electionape/cake/basics.php:119) in [/var/www/electionape/app/controllers/components/Twitter/twitter.php, line 129]
2011-09-05 16:14:57 Warning: Warning (2): Cannot modify header information - headers already sent by (output started at /var/www/electionape/cake/libs/debugger.php:683) in [/var/www/electionape/app/controllers/components/Twitter/twitter.php, line 129]
2011-09-05 16:17:24 Warning: Warning (512): <span style="color:Red;text-align:left"><b>SQL Error:</b> 1048: Column 'twitter' cannot be null</span> in [/var/www/electionape/cake/libs/model/datasources/dbo_source.php, line 684]
2011-09-05 16:18:48 Warning: Warning (512): <span style="color:Red;text-align:left"><b>SQL Error:</b> 1048: Column 'twitter' cannot be null</span> in [/var/www/electionape/cake/libs/model/datasources/dbo_source.php, line 684]
2011-09-05 16:26:01 Warning: Warning (2): Cannot modify header information - headers already sent by (output started at /var/www/electionape/cake/libs/debugger.php:683) in [/var/www/electionape/app/controllers/components/Twitter/twitter.php, line 128]
2011-09-05 16:30:44 Warning: Warning (512): UsersController::isAuthorized() is not defined. in [/var/www/electionape/cake/libs/controller/controller.php, line 804]
2011-09-05 16:31:20 Warning: Warning (512): You cannot use an empty key for Security::cipher() in [/var/www/electionape/cake/libs/security.php, line 173]
2011-09-05 16:33:22 Warning: Warning (512): UsersController::isAuthorized() is not defined. in [/var/www/electionape/cake/libs/controller/controller.php, line 804]
2011-09-05 16:39:18 Warning: Warning (512): UsersController::isAuthorized() is not defined. in [/var/www/electionape/cake/libs/controller/controller.php, line 804]
2011-09-05 16:40:28 Warning: Warning (512): UsersController::isAuthorized() is not defined. in [/var/www/electionape/cake/libs/controller/controller.php, line 804]
2011-09-05 16:40:45 Warning: Warning (2): Cannot modify header information - headers already sent by (output started at /var/www/electionape/cake/basics.php:119) in [/var/www/electionape/cake/libs/controller/controller.php, line 742]
2011-09-05 16:58:45 Warning: Warning (512): Configure::load() - no variable $config found in twitter.php in [/var/www/electionape/cake/libs/configure.php, line 267]
2011-09-06 10:47:52 Warning: Warning (2): file_get_contents(https://graph.facebook.com/me?access_token=5) [http://php.net/function.file-get-contents]: failed to open stream: HTTP request failed! HTTP/1.0 400 Bad Request
 in [/var/www/electionape/app/controllers/users_controller.php, line 83]
2011-09-06 10:48:00 Warning: Warning (2): file_get_contents(https://graph.facebook.com/me?access_token=5) [http://php.net/function.file-get-contents]: failed to open stream: HTTP request failed! HTTP/1.0 400 Bad Request
 in [/var/www/electionape/app/controllers/users_controller.php, line 83]
2011-09-06 10:50:58 Warning: Warning (2): file_get_contents(https://graph.facebook.com/me?access_token=5) [http://php.net/function.file-get-contents]: failed to open stream: HTTP request failed! HTTP/1.0 400 Bad Request
 in [/var/www/electionape/app/controllers/users_controller.php, line 84]
2011-09-06 10:51:34 Warning: Warning (2): file_get_contents(https://graph.facebook.com/me?access_token=5) [http://php.net/function.file-get-contents]: failed to open stream: HTTP request failed! HTTP/1.0 400 Bad Request
 in [/var/www/electionape/app/controllers/users_controller.php, line 84]
2011-09-06 10:54:32 Warning: Warning (2): file_get_contents(https://graph.facebook.com/me?access_token=AAAC8UxlZBbKsBALRCgxKJ3VZBua8xM1U3UH6SsEQbG1qCa9v18yv7SpgOMDCLQqHovXNuy1ZCeZAfswv7APixrRENdVdoHa0F1mYPzwCJAZDZD) [http://php.net/function.file-get-contents]: failed to open stream: HTTP request failed! HTTP/1.0 400 Bad Request
 in [/var/www/electionape/app/controllers/users_controller.php, line 83]
2011-09-06 11:28:04 Warning: Warning (2): file_get_contents(https://graph.facebook.com/me?access_token=AAAC8UxlZBbKsBALRCgxKJ3VZBua8xM1U3UH6SsEQbG1qCa9v18yv7SpgOMDCLQqHovXNuy1ZCeZAfswv7APixrRENdVdoHa0F1mYPzwCJAZDZD) [http://php.net/function.file-get-contents]: failed to open stream: HTTP request failed! HTTP/1.0 400 Bad Request
 in [/var/www/electionape/app/controllers/users_controller.php, line 83]
2011-09-06 11:47:57 Warning: Warning (2): file_get_contents(https://graph.facebook.com/me?access_token=AAAC8UxlZBbKsBALRCgxKJ3VZBua8xM1U3UH6SsEQbG1qCa9v18yv7SpgOMDCLQqHovXNuy1ZCeZAfswv7APixrRENdVdoHa0F1mYPzwCJAZDZD) [http://php.net/function.file-get-contents]: failed to open stream: HTTP request failed! HTTP/1.0 400 Bad Request
 in [/var/www/electionape/app/controllers/users_controller.php, line 82]
2011-09-06 13:11:38 Warning: Warning (512): <span style="color:Red;text-align:left"><b>SQL Error:</b> 1048: Column 'facebook_id' cannot be null</span> in [/var/www/electionape/cake/libs/model/datasources/dbo_source.php, line 684]
2011-09-06 13:12:57 Warning: Warning (2): json_decode() expects parameter 1 to be string, array given in [/var/www/electionape/app/controllers/users_controller.php, line 81]
2011-09-06 13:13:24 Warning: Warning (512): <span style="color:Red;text-align:left"><b>SQL Error:</b> 1048: Column 'facebook_id' cannot be null</span> in [/var/www/electionape/cake/libs/model/datasources/dbo_source.php, line 684]
2011-09-06 16:11:41 Warning: Warning (2): array_merge() [http://php.net/function.array-merge]: Argument #1 is not an array in [/var/www/electionape/app/controllers/users_controller.php, line 70]
2011-09-06 16:14:05 Warning: Warning (2): array_merge() [http://php.net/function.array-merge]: Argument #1 is not an array in [/var/www/electionape/app/controllers/users_controller.php, line 71]
2011-09-06 17:01:44 Warning: Warning (512): UsersController::isAuthorized() is not defined. in [/var/www/electionape/cake/libs/controller/controller.php, line 804]
2011-09-06 17:04:36 Warning: Warning (512): UsersController::isAuthorized() is not defined. in [/var/www/electionape/cake/libs/controller/controller.php, line 804]
2011-09-06 17:05:10 Warning: Warning (512): UsersController::isAuthorized() is not defined. in [/var/www/electionape/cake/libs/controller/controller.php, line 804]
2011-09-06 17:05:20 Warning: Warning (512): UsersController::isAuthorized() is not defined. in [/var/www/electionape/cake/libs/controller/controller.php, line 804]
2011-09-06 17:05:38 Warning: Warning (512): UsersController::isAuthorized() is not defined. in [/var/www/electionape/cake/libs/controller/controller.php, line 804]
2011-09-06 17:06:50 Warning: Warning (512): UsersController::isAuthorized() is not defined. in [/var/www/electionape/cake/libs/controller/controller.php, line 804]
2011-09-06 17:07:10 Warning: Warning (512): UsersController::isAuthorized() is not defined. in [/var/www/electionape/cake/libs/controller/controller.php, line 804]
2011-09-06 17:07:49 Warning: Warning (512): UsersController::isAuthorized() is not defined. in [/var/www/electionape/cake/libs/controller/controller.php, line 804]
2011-09-06 17:08:02 Warning: Warning (512): UsersController::isAuthorized() is not defined. in [/var/www/electionape/cake/libs/controller/controller.php, line 804]
2011-09-06 17:08:08 Warning: Warning (512): UsersController::isAuthorized() is not defined. in [/var/www/electionape/cake/libs/controller/controller.php, line 804]
2011-09-06 17:08:32 Warning: Warning (512): UsersController::isAuthorized() is not defined. in [/var/www/electionape/cake/libs/controller/controller.php, line 804]
2011-09-06 17:32:24 Warning: Warning (512): UsersController::isAuthorized() is not defined. in [/var/www/electionape/cake/libs/controller/controller.php, line 804]
2011-09-06 17:32:50 Warning: Warning (2): Cannot modify header information - headers already sent by (output started at /var/www/electionape/cake/libs/debugger.php:683) in [/var/www/electionape/cake/libs/controller/controller.php, line 742]
2011-09-06 17:33:09 Warning: Warning (512): UsersController::isAuthorized() is not defined. in [/var/www/electionape/cake/libs/controller/controller.php, line 804]
2011-09-06 17:34:17 Warning: Warning (512): UsersController::isAuthorized() is not defined. in [/var/www/electionape/cake/libs/controller/controller.php, line 804]
2011-09-06 18:00:30 Warning: Warning (2): Cannot modify header information - headers already sent by (output started at /var/www/electionape/cake/basics.php:119) in [/var/www/electionape/cake/libs/controller/controller.php, line 742]
2011-09-06 18:01:03 Warning: Warning (512): UsersController::isAuthorized() is not defined. in [/var/www/electionape/cake/libs/controller/controller.php, line 804]
2011-09-06 18:01:19 Warning: Warning (512): UsersController::isAuthorized() is not defined. in [/var/www/electionape/cake/libs/controller/controller.php, line 804]
2011-09-06 18:02:32 Warning: Warning (512): UsersController::isAuthorized() is not defined. in [/var/www/electionape/cake/libs/controller/controller.php, line 804]
2011-09-06 18:03:09 Warning: Warning (512): UsersController::isAuthorized() is not defined. in [/var/www/electionape/cake/libs/controller/controller.php, line 804]
2011-09-06 18:03:36 Warning: Warning (512): UsersController::isAuthorized() is not defined. in [/var/www/electionape/cake/libs/controller/controller.php, line 804]
2011-09-06 18:08:22 Warning: Warning (512): UsersController::isAuthorized() is not defined. in [/var/www/electionape/cake/libs/controller/controller.php, line 804]
2011-09-06 18:08:35 Warning: Warning (512): UsersController::isAuthorized() is not defined. in [/var/www/electionape/cake/libs/controller/controller.php, line 804]
2011-09-06 18:09:25 Warning: Warning (512): UsersController::isAuthorized() is not defined. in [/var/www/electionape/cake/libs/controller/controller.php, line 804]
2011-09-06 18:09:34 Warning: Warning (512): UsersController::isAuthorized() is not defined. in [/var/www/electionape/cake/libs/controller/controller.php, line 804]
2011-09-06 18:11:04 Warning: Warning (512): UsersController::isAuthorized() is not defined. in [/var/www/electionape/cake/libs/controller/controller.php, line 804]
2011-09-06 18:11:16 Warning: Warning (512): UsersController::isAuthorized() is not defined. in [/var/www/electionape/cake/libs/controller/controller.php, line 804]
2011-09-06 18:11:26 Warning: Warning (512): UsersController::isAuthorized() is not defined. in [/var/www/electionape/cake/libs/controller/controller.php, line 804]
2011-09-06 18:11:56 Warning: Warning (512): UsersController::isAuthorized() is not defined. in [/var/www/electionape/cake/libs/controller/controller.php, line 804]
2011-09-06 18:12:24 Warning: Warning (512): UsersController::isAuthorized() is not defined. in [/var/www/electionape/cake/libs/controller/controller.php, line 804]
2011-09-06 18:13:45 Warning: Warning (512): UsersController::isAuthorized() is not defined. in [/var/www/electionape/cake/libs/controller/controller.php, line 804]
2011-09-06 18:13:59 Warning: Warning (512): UsersController::isAuthorized() is not defined. in [/var/www/electionape/cake/libs/controller/controller.php, line 804]
2011-09-07 18:04:43 Warning: Warning (2): Invalid argument supplied for foreach() in [/var/www/electionape/app/views/users/my_account.ctp, line 16]
2011-09-08 17:00:18 Warning: Warning (2): Missing argument 1 for Router::connect(), called in /var/www/electionape/app/app_controller.php on line 18 and defined in [/var/www/electionape/cake/libs/router.php, line 263]
2011-09-08 17:18:03 Warning: Warning (2): array_intersect_key() [http://php.net/function.array-intersect-key]: Argument #2 is not an array in [/var/www/electionape/cake/libs/router.php, line 1497]
2011-09-08 17:18:03 Warning: Warning (2): array_intersect_key() [http://php.net/function.array-intersect-key]: Argument #1 is not an array in [/var/www/electionape/cake/libs/set.php, line 793]
2011-09-08 17:18:03 Warning: Warning (2): key() expects parameter 1 to be array, null given in [/var/www/electionape/cake/libs/set.php, line 794]
2011-09-09 10:43:45 Warning: Warning (512): <span style="color:Red;text-align:left"><b>SQL Error:</b> 1048: Column 'name' cannot be null</span> in [/var/www/electionape/cake/libs/model/datasources/dbo_source.php, line 684]
2011-09-09 18:44:07 Warning: Warning (2): Invalid argument supplied for foreach() in [/var/www/electionape/app/views/elements/profile_sidebar.ctp, line 5]
2011-09-09 18:44:27 Warning: Warning (2): Invalid argument supplied for foreach() in [/var/www/electionape/app/views/elements/profile_sidebar.ctp, line 5]
2011-09-12 12:45:20 Warning: Warning (512): <span style="color:Red;text-align:left"><b>SQL Error:</b> 1064: You have an error in your SQL syntax; check the manual that corresponds to your MySQL server version for the right syntax to use near 'getProfile' at line 1</span> in [/var/www/electionape/cake/libs/model/datasources/dbo_source.php, line 684]
2011-09-12 12:47:30 Warning: Warning (512): <span style="color:Red;text-align:left"><b>SQL Error:</b> 1064: You have an error in your SQL syntax; check the manual that corresponds to your MySQL server version for the right syntax to use near 'getProfile' at line 1</span> in [/var/www/electionape/cake/libs/model/datasources/dbo_source.php, line 684]
2011-09-12 15:05:13 Warning: Warning (2): Invalid argument supplied for foreach() in [/var/www/electionape/app/views/profiles/view.ctp, line 37]
2011-09-12 15:05:13 Warning: Warning (2): Invalid argument supplied for foreach() in [/var/www/electionape/app/views/profiles/view.ctp, line 59]
2011-09-12 15:05:13 Warning: Warning (2): Invalid argument supplied for foreach() in [/var/www/electionape/app/views/profiles/view.ctp, line 91]
2011-09-12 15:05:13 Warning: Warning (2): Invalid argument supplied for foreach() in [/var/www/electionape/app/views/profiles/view.ctp, line 104]
2011-09-12 15:05:13 Warning: Warning (2): Invalid argument supplied for foreach() in [/var/www/electionape/app/views/profiles/view.ctp, line 120]
2011-09-12 15:05:13 Warning: Warning (2): Invalid argument supplied for foreach() in [/var/www/electionape/app/views/elements/profile_sidebar.ctp, line 5]
2011-09-12 17:16:21 Warning: Warning (2): Invalid argument supplied for foreach() in [/var/www/electionape/app/views/elements/profile_sidebar.ctp, line 5]
2011-09-12 17:35:31 Warning: Warning (2): Invalid argument supplied for foreach() in [/var/www/electionape/app/views/elements/profile_sidebar.ctp, line 5]
2011-09-12 17:39:13 Warning: Warning (2): Invalid argument supplied for foreach() in [/var/www/electionape/app/views/elements/profile_sidebar.ctp, line 5]
2011-09-12 17:41:11 Warning: Warning (2): Invalid argument supplied for foreach() in [/var/www/electionape/app/views/elements/profile_sidebar.ctp, line 5]
2011-09-12 17:41:22 Warning: Warning (2): Invalid argument supplied for foreach() in [/var/www/electionape/app/views/elements/profile_sidebar.ctp, line 5]
2011-09-12 17:41:58 Warning: Warning (2): Invalid argument supplied for foreach() in [/var/www/electionape/app/views/elements/profile_sidebar.ctp, line 5]
2011-09-12 17:43:25 Warning: Warning (2): Invalid argument supplied for foreach() in [/var/www/electionape/app/views/elements/profile_sidebar.ctp, line 5]
2011-09-12 17:43:41 Warning: Warning (2): Invalid argument supplied for foreach() in [/var/www/electionape/app/views/elements/profile_sidebar.ctp, line 5]
2011-09-12 17:45:11 Warning: Warning (2): Invalid argument supplied for foreach() in [/var/www/electionape/app/views/elements/profile_sidebar.ctp, line 5]
2011-09-12 17:52:20 Warning: Warning (2): Invalid argument supplied for foreach() in [/var/www/electionape/app/views/elements/profile_sidebar.ctp, line 5]
2011-09-12 17:54:16 Warning: Warning (2): Invalid argument supplied for foreach() in [/var/www/electionape/app/views/elements/profile_sidebar.ctp, line 5]
2011-09-13 17:05:22 Warning: Warning (2): Invalid argument supplied for foreach() in [/var/www/electionape/app/views/profiles/view.ctp, line 37]
2011-09-13 17:05:22 Warning: Warning (2): Invalid argument supplied for foreach() in [/var/www/electionape/app/views/profiles/view.ctp, line 59]
2011-09-13 17:05:22 Warning: Warning (2): Invalid argument supplied for foreach() in [/var/www/electionape/app/views/profiles/view.ctp, line 91]
2011-09-13 17:05:22 Warning: Warning (2): Invalid argument supplied for foreach() in [/var/www/electionape/app/views/profiles/view.ctp, line 104]
2011-09-13 18:33:50 Warning: Warning (2): Invalid argument supplied for foreach() in [/var/www/electionape/app/views/profiles/view.ctp, line 37]
2011-09-13 18:33:50 Warning: Warning (2): Invalid argument supplied for foreach() in [/var/www/electionape/app/views/profiles/view.ctp, line 59]
2011-09-13 18:33:50 Warning: Warning (2): Invalid argument supplied for foreach() in [/var/www/electionape/app/views/profiles/view.ctp, line 91]
2011-09-13 18:33:50 Warning: Warning (2): Invalid argument supplied for foreach() in [/var/www/electionape/app/views/profiles/view.ctp, line 104]
2011-09-13 18:47:58 Warning: Warning (2): current() expects parameter 1 to be array, null given in [/var/www/electionape/app/controllers/compare_controller.php, line 41]
2011-09-20 16:26:25 Warning: Warning (2): array_merge() [http://php.net/function.array-merge]: Argument #2 is not an array in [/var/www/electionape/cake/libs/view/helpers/form.php, line 241]
2011-09-20 16:27:01 Warning: Warning (2): array_merge() [http://php.net/function.array-merge]: Argument #2 is not an array in [/var/www/electionape/cake/libs/view/helpers/form.php, line 241]
2011-09-20 16:53:04 Warning: Warning (2): Cannot modify header information - headers already sent by (output started at /var/www/electionape/cake/basics.php:119) in [/var/www/electionape/cake/libs/controller/controller.php, line 742]
2011-09-28 16:08:51 Warning: Warning (2): Missing argument 2 for Election::getElectionWithCandidates(), called in /var/www/electionape/app/controllers/elections_controller.php on line 21 and defined in [/var/www/electionape/app/models/election.php, line 81]
2011-09-28 16:08:51 Warning: Warning (2): Invalid argument supplied for foreach() in [/var/www/electionape/app/views/elements/profile_sidebar.ctp, line 4]
2011-09-28 16:09:38 Warning: Warning (2): Missing argument 2 for Election::getElectionWithCandidates(), called in /var/www/electionape/app/controllers/elections_controller.php on line 22 and defined in [/var/www/electionape/app/models/election.php, line 81]
2011-09-28 16:09:38 Warning: Warning (2): Invalid argument supplied for foreach() in [/var/www/electionape/app/views/elements/profile_sidebar.ctp, line 4]
2011-09-28 16:10:17 Warning: Warning (2): Missing argument 2 for Election::getElectionWithCandidates(), called in /var/www/electionape/app/controllers/elections_controller.php on line 22 and defined in [/var/www/electionape/app/models/election.php, line 81]
2011-09-28 16:10:17 Warning: Warning (2): Invalid argument supplied for foreach() in [/var/www/electionape/app/views/elements/profile_sidebar.ctp, line 4]
2011-09-28 16:29:57 Warning: Warning (2): Missing argument 2 for Election::getElectionWithCandidates(), called in /var/www/electionape/app/controllers/elections_controller.php on line 22 and defined in [/var/www/electionape/app/models/election.php, line 81]
2011-09-28 16:29:57 Warning: Warning (2): Invalid argument supplied for foreach() in [/var/www/electionape/app/views/elements/profile_sidebar.ctp, line 4]
2011-09-28 16:31:54 Warning: Warning (2): Missing argument 2 for Election::getElectionWithCandidates(), called in /var/www/electionape/app/controllers/elections_controller.php on line 22 and defined in [/var/www/electionape/app/models/election.php, line 81]
2011-09-28 16:31:54 Warning: Warning (2): Invalid argument supplied for foreach() in [/var/www/electionape/app/views/elements/profile_sidebar.ctp, line 4]
2011-09-28 16:34:19 Warning: Warning (2): Missing argument 2 for Election::getElectionWithCandidates(), called in /var/www/electionape/app/controllers/elections_controller.php on line 21 and defined in [/var/www/electionape/app/models/election.php, line 81]
2011-09-28 16:34:19 Warning: Warning (2): Invalid argument supplied for foreach() in [/var/www/electionape/app/views/elements/profile_sidebar.ctp, line 4]
2011-09-28 16:34:35 Warning: Warning (2): Missing argument 2 for Election::getElectionWithCandidates(), called in /var/www/electionape/app/controllers/elections_controller.php on line 21 and defined in [/var/www/electionape/app/models/election.php, line 81]
2011-09-28 16:34:35 Warning: Warning (2): Invalid argument supplied for foreach() in [/var/www/electionape/app/views/elements/profile_sidebar.ctp, line 4]
2011-09-28 16:42:56 Warning: Warning (2): Invalid argument supplied for foreach() in [/var/www/electionape/app/views/elements/profile_sidebar.ctp, line 4]
2011-09-28 16:45:36 Warning: Warning (2): Invalid argument supplied for foreach() in [/var/www/electionape/app/views/elements/profile_sidebar.ctp, line 4]
2011-09-28 16:48:43 Warning: Warning (2): Missing argument 2 for Election::getElectionWithCandidates(), called in /var/www/electionape/app/controllers/elections_controller.php on line 22 and defined in [/var/www/electionape/app/models/election.php, line 81]
2011-09-28 16:49:35 Warning: Warning (2): Missing argument 2 for Election::getElectionWithCandidates(), called in /var/www/electionape/app/controllers/elections_controller.php on line 22 and defined in [/var/www/electionape/app/models/election.php, line 81]
2011-09-28 16:49:35 Warning: Warning (2): Invalid argument supplied for foreach() in [/var/www/electionape/app/views/elements/profile_sidebar.ctp, line 4]
2011-09-28 16:50:06 Warning: Warning (2): Invalid argument supplied for foreach() in [/var/www/electionape/app/views/elements/profile_sidebar.ctp, line 4]
2011-09-28 16:53:21 Warning: Warning (2): Invalid argument supplied for foreach() in [/var/www/electionape/app/views/elements/profile_sidebar.ctp, line 4]
2011-09-30 11:24:23 Warning: Warning (2): Invalid argument supplied for foreach() in [/var/www/electionape/app/views/elements/profile_sidebar.ctp, line 4]
2011-09-30 11:24:42 Warning: Warning (2): Invalid argument supplied for foreach() in [/var/www/electionape/app/views/elements/profile_sidebar.ctp, line 4]
2011-10-20 18:20:42 Warning: Warning (2): Illegal offset type in isset or empty in [/var/www/electionape/cake/libs/view/helpers/html.php, line 425]
2011-10-20 18:20:42 Warning: Warning (2): Illegal offset type in [/var/www/electionape/cake/libs/view/helpers/html.php, line 428]
2011-10-20 18:20:42 Warning: Warning (2): strpos() expects parameter 1 to be string, object given in [/var/www/electionape/cake/libs/view/helpers/html.php, line 430]
2011-10-20 18:20:42 Warning: Warning (4096): Object of class HtmlHelper could not be converted to string in [/var/www/electionape/cake/libs/view/helpers/html.php, line 444]
2011-10-20 18:20:42 Warning: Warning (4096): Object of class FormHelper could not be converted to string in [/var/www/electionape/cake/libs/view/helpers/html.php, line 444]
2011-10-20 18:20:42 Warning: Warning (4096): Object of class JqueryEngineHelper could not be converted to string in [/var/www/electionape/cake/libs/view/helpers/html.php, line 444]
2011-10-20 18:20:42 Warning: Warning (2): Invalid argument supplied for foreach() in [/var/www/electionape/app/views/layouts/no_election.ctp, line 21]
2011-10-20 18:20:43 Warning: Warning (2): Illegal offset type in isset or empty in [/var/www/electionape/cake/libs/view/helpers/html.php, line 425]
2011-10-20 18:20:43 Warning: Warning (2): Illegal offset type in [/var/www/electionape/cake/libs/view/helpers/html.php, line 428]
2011-10-20 18:20:43 Warning: Warning (2): strpos() expects parameter 1 to be string, object given in [/var/www/electionape/cake/libs/view/helpers/html.php, line 430]
2011-10-20 18:20:43 Warning: Warning (4096): Object of class HtmlHelper could not be converted to string in [/var/www/electionape/cake/libs/view/helpers/html.php, line 444]
2011-10-20 18:20:43 Warning: Warning (4096): Object of class FormHelper could not be converted to string in [/var/www/electionape/cake/libs/view/helpers/html.php, line 444]
2011-10-20 18:20:43 Warning: Warning (4096): Object of class JqueryEngineHelper could not be converted to string in [/var/www/electionape/cake/libs/view/helpers/html.php, line 444]
2011-10-20 18:20:43 Warning: Warning (2): Invalid argument supplied for foreach() in [/var/www/electionape/app/views/layouts/no_election.ctp, line 21]
2011-10-20 18:36:32 Warning: Warning (512): You cannot use an empty key for Security::cipher() in [/var/www/electionape/cake/libs/security.php, line 173]
2011-10-20 18:36:34 Warning: Warning (512): You cannot use an empty key for Security::cipher() in [/var/www/electionape/cake/libs/security.php, line 173]
2011-10-20 18:36:35 Warning: Warning (512): You cannot use an empty key for Security::cipher() in [/var/www/electionape/cake/libs/security.php, line 173]
2011-10-20 18:37:42 Warning: Warning (512): You cannot use an empty key for Security::cipher() in [/var/www/electionape/cake/libs/security.php, line 173]
2011-10-20 18:37:55 Warning: Warning (512): You cannot use an empty key for Security::cipher() in [/var/www/electionape/cake/libs/security.php, line 173]
2011-10-20 18:37:56 Warning: Warning (512): You cannot use an empty key for Security::cipher() in [/var/www/electionape/cake/libs/security.php, line 173]
2011-10-21 10:15:13 Warning: Warning (512): You cannot use an empty key for Security::cipher() in [/var/www/electionape/cake/libs/security.php, line 173]
2011-10-21 10:15:21 Warning: Warning (512): You cannot use an empty key for Security::cipher() in [/var/www/electionape/cake/libs/security.php, line 173]
2011-10-21 10:17:02 Warning: Warning (512): You cannot use an empty key for Security::cipher() in [/var/www/electionape/cake/libs/security.php, line 173]
2011-10-21 10:17:10 Warning: Warning (512): You cannot use an empty key for Security::cipher() in [/var/www/electionape/cake/libs/security.php, line 173]
2011-10-21 10:17:25 Warning: Warning (512): You cannot use an empty key for Security::cipher() in [/var/www/electionape/cake/libs/security.php, line 173]
2011-10-21 11:31:59 Warning: Warning (512): You cannot use an empty key for Security::cipher() in [/var/www/electionape/cake/libs/security.php, line 173]
2011-10-21 11:32:04 Warning: Warning (512): You cannot use an empty key for Security::cipher() in [/var/www/electionape/cake/libs/security.php, line 173]
2011-10-21 11:32:06 Warning: Warning (512): You cannot use an empty key for Security::cipher() in [/var/www/electionape/cake/libs/security.php, line 173]
2011-10-21 12:04:49 Warning: Warning (2): Invalid argument supplied for foreach() in [/var/www/electionape/app/views/elements/profile_sidebar.ctp, line 10]
2011-10-21 12:04:59 Warning: Warning (2): Invalid argument supplied for foreach() in [/var/www/electionape/app/views/elements/profile_sidebar.ctp, line 10]
2011-10-21 12:06:28 Warning: Warning (512): <span style="color:Red;text-align:left"><b>SQL Error:</b> 1054: Unknown column 'User.username' in 'where clause'</span> in [/var/www/electionape/cake/libs/model/datasources/dbo_source.php, line 684]
2011-10-21 12:10:57 Warning: Warning (512): <span style="color:Red;text-align:left"><b>SQL Error:</b> 1054: Unknown column 'User.lfalvarez' in 'field list'</span> in [/var/www/electionape/cake/libs/model/datasources/dbo_source.php, line 684]
2011-10-21 12:10:57 Warning: Warning (512): <span style="color:Red;text-align:left"><b>SQL Error:</b> 1054: Unknown column 'User.username' in 'where clause'</span> in [/var/www/electionape/cake/libs/model/datasources/dbo_source.php, line 684]
2011-10-21 12:11:46 Warning: Warning (512): <span style="color:Red;text-align:left"><b>SQL Error:</b> 1054: Unknown column 'User.lfalvarez' in 'field list'</span> in [/var/www/electionape/cake/libs/model/datasources/dbo_source.php, line 684]
2011-10-21 12:34:13 Warning: Warning (512): Model "Category" is not associated with model "conditions" in [/var/www/electionape/cake/libs/model/behaviors/containable.php, line 363]
2011-10-21 12:34:40 Warning: Warning (512): <span style="color:Red;text-align:left"><b>SQL Error:</b> 1054: Unknown column 'election_id' in 'where clause'</span> in [/var/www/electionape/cake/libs/model/datasources/dbo_source.php, line 684]
2011-10-21 12:34:40 Warning: Warning (2): Invalid argument supplied for foreach() in [/var/www/electionape/cake/libs/model/datasources/dbo_source.php, line 1098]
2011-10-21 12:47:49 Warning: Warning (512): You cannot use an empty key for Security::cipher() in [/var/www/electionape/cake/libs/security.php, line 173]
2011-10-21 12:47:58 Warning: Warning (512): You cannot use an empty key for Security::cipher() in [/var/www/electionape/cake/libs/security.php, line 173]
2011-10-21 12:48:03 Warning: Warning (512): You cannot use an empty key for Security::cipher() in [/var/www/electionape/cake/libs/security.php, line 173]
2011-10-21 12:48:05 Warning: Warning (512): You cannot use an empty key for Security::cipher() in [/var/www/electionape/cake/libs/security.php, line 173]
2011-10-24 11:08:51 Warning: Warning (2): array_merge() [http://php.net/function.array-merge]: Argument #2 is not an array in [/var/www/electionape/cake/libs/view/helpers/form.php, line 241]
2011-10-24 11:08:51 Warning: Warning (2): array_merge() [http://php.net/function.array-merge]: Argument #2 is not an array in [/var/www/electionape/cake/libs/view/helpers/form.php, line 714]
